Add Pin To Net: Unknown Pin: Pin IC1-9
Added Pin To Net: NetName=MS5_SCLK Pin=IC2-E5
Added Pin To Net: NetName=LSM_NCS Pin=IC2-G2
Added Pin To Net: NetName=H3L_NCS Pin=IC2-G3
Added Pin To Net: NetName=MS5_MOSI Pin=IC2-G4
Added Pin To Net: NetName=MS5_MISO Pin=IC2-G5
Added Pin To Net: NetName=MS5_NCS Pin=IC2-H7
Added Pin To Net: NetName=GND Pin=U2-10
Added Pin To Net: NetName=3v3 Pin=U2-15
Added Pin To Net: NetName=GND Pin=U3-2
Added Pin To Net: NetName=GND Pin=U3-3
Added Pin To Net: NetName=ACC_MISO Pin=IC2-F2
Added Pin To Net: NetName=ACC_MISO Pin=U2-7
Added Pin To Net: NetName=ACC_MISO Pin=U3-1
Added Net: Name=ACC_MISO
Added Pin To Net: NetName=ACC_MOSI Pin=IC2-F1
Added Pin To Net: NetName=ACC_MOSI Pin=U2-6
Added Pin To Net: NetName=ACC_MOSI Pin=U3-14
Added Net: Name=ACC_MOSI
Added Pin To Net: NetName=ACC_SCLK Pin=IC2-G1
Added Pin To Net: NetName=ACC_SCLK Pin=U2-4
Added Pin To Net: NetName=ACC_SCLK Pin=U3-13
Added Net: Name=ACC_SCLK
