Added Pin To Net: NetName=3v3 Pin=IC1-3
Added Pin To Net: NetName=3v3 Pin=IC1-7
Add Pin To Net: Unknown Pin: Pin IC1-9
Added Pin To Net: NetName=GND Pin=IC2-B1
Added Pin To Net: NetName=3v3 Pin=IC2-C6
Added Pin To Net: NetName=FLASH_MISO Pin=IC1-2
Added Net: Name=FLASH_MISO
Added Pin To Net: NetName=FLASH_MOSI Pin=IC1-5
Added Net: Name=FLASH_MOSI
Added Pin To Net: NetName=FLASH_NCS Pin=IC1-1
Added Net: Name=FLASH_NCS
Added Pin To Net: NetName=FLASH_SCLK Pin=IC1-6
Added Net: Name=FLASH_SCLK
Added Pin To Net: NetName=USB_N Pin=IC2-C1
Added Pin To Net: NetName=USB_N Pin=J1-2
Added Net: Name=USB_N
Added Pin To Net: NetName=USB_P Pin=IC2-C2
Added Pin To Net: NetName=USB_P Pin=J1-3
Added Net: Name=USB_P
Added Differential Pair: Name=USB
