Change Component Designator: OldDesignator=C1 NewDesignator=C2
Change Component Designator: OldDesignator=C2 NewDesignator=C1
Change Component Designator: OldDesignator=C3 NewDesignator=C5
Change Component Designator: OldDesignator=C5 NewDesignator=C3
Change Component Designator: OldDesignator=IC1 NewDesignator=IC2
Change Component Designator: OldDesignator=IC2 NewDesignator=IC1
Change Component Designator: OldDesignator=R1 NewDesignator=R3
Change Component Designator: OldDesignator=R2 NewDesignator=R4
Change Component Designator: OldDesignator=R3 NewDesignator=R5
Change Component Designator: OldDesignator=R4 NewDesignator=R2
Change Component Designator: OldDesignator=R5 NewDesignator=R1
Change Component Designator: OldDesignator=U1 NewDesignator=U2
Change Component Designator: OldDesignator=U2 NewDesignator=U1
Added Pin To Net: NetName=GND Pin=U4-2
Added Member To Class: ClassName=Sheet2 Member=Component C2 C0402C105K8PACTU
Added Member To Class: ClassName=Sheet2 Member=Component C5 0.1uF
Added Member To Class: ClassName=Sheet2 Member=Component IC2 STM32F103REY6TR
Added Member To Class: ClassName=Sheet2 Member=Component R4 10K
Added Member To Class: ClassName=Sheet2 Member=Component R5 10K
Added Member To Class: ClassName=Sheet2 Member=Component U2 H3LIS331DLTR
